2024-07-04 21:40:44,871 Namespace(modelDir='', logDir='runs/', weights='../weights/HFFMTransformer.pth', conf_thres=0.001, iou_thres=0.6)
2024-07-04 21:40:44,871 AUTO_RESUME: False
CUDNN:
  BENCHMARK: True
  DETERMINISTIC: False
  ENABLED: True
DATASET:
  COLOR_RGB: False
  DATAROOT: E:/dataset/bdd100k/images/100k
  DATASET: BddDataset
  DATA_FORMAT: jpg
  FLIP: True
  HSV_H: 0.015
  HSV_S: 0.7
  HSV_V: 0.4
  LABELROOT: E:/dataset/bdd100k/det_gt
  LANEROOT: E:/dataset/bdd100k/lane_gt
  MASKROOT: E:/dataset/bdd100k/seg_dt
  ORG_IMG_SIZE: [720, 1280]
  ROT_FACTOR: 10
  SCALE_FACTOR: 0.25
  SELECT_DATA: False
  SHEAR: 0.0
  TEST_SET: val
  TRAIN_SET: train
  TRANSLATE: 0.1
DATASETVAL:
  DATAROOT: E:\dataset\Culane\test\images
  LABELROOT: E:\dataset\Culane\test\det_label
  LANEROOT: E:\dataset\Culane\test\ll_label
  MASKROOT: E:\dataset\Culane\test\da_label
DEBUG: False
GPUS: (0,)
LOG_DIR: runs/
LOSS:
  BOX_GAIN: 0.05
  CLS_GAIN: 0.5
  CLS_POS_WEIGHT: 1.0
  DA_SEG_GAIN: 0.2
  FL_GAMMA: 0.0
  LL_IOU_GAIN: 0.2
  LL_SEG_GAIN: 0.2
  LOSS_NAME: 
  MULTI_HEAD_LAMBDA: None
  OBJ_GAIN: 1.0
  OBJ_POS_WEIGHT: 1.0
  SEG_POS_WEIGHT: 1.0
MODEL:
  EXTRA:
    
  HEADS_NAME: ['']
  IMAGE_SIZE: [640, 640]
  NAME: 
  PRETRAINED: 
  PRETRAINED_DET: 
  STRU_WITHSHARE: False
NEED_AUTOANCHOR: False
PIN_MEMORY: False
PRINT_FREQ: 480
TEST:
  BATCH_SIZE_PER_GPU: 24
  MODEL_FILE: 
  NMS_CONF_THRESHOLD: 0.001
  NMS_IOU_THRESHOLD: 0.6
  PLOTS: True
  SAVE_JSON: False
  SAVE_TXT: False
TRAIN:
  ANCHOR_THRESHOLD: 4.0
  BATCH_SIZE_PER_GPU: 12
  BEGIN_EPOCH: 0
  DET_ONLY: False
  DRIVABLE_ONLY: False
  ENC_DET_ONLY: False
  ENC_SEG_ONLY: False
  END_EPOCH: 90
  GAMMA1: 0.99
  GAMMA2: 0.0
  IOU_THRESHOLD: 0.2
  LANE_ONLY: False
  LR0: 5e-05
  LRF: 0.1
  MOMENTUM: 0.937
  NESTEROV: True
  OPTIMIZER: adam
  PLOT: True
  SEG_ONLY: False
  SHUFFLE: True
  VAL_FREQ: 1
  WARMUP_BIASE_LR: 0.1
  WARMUP_EPOCHS: 3.0
  WARMUP_MOMENTUM: 0.8
  WD: 0.0005
WORKERS: 0
num_seg_class: 2
2024-07-04 21:40:44,893 Using torch 2.1.2+cu121 CUDA:0 (NVIDIA GeForce RTX 4060 Ti, 8187MB)
2024-07-04 21:40:44,893 
2024-07-04 21:40:45,241 => loading checkpoint '../weights/HFFMTransformer.pth'
2024-07-04 21:40:45,478 => loaded checkpoint '../weights/HFFMTransformer.pth' 
2024-07-04 21:54:13,076 Note: NumExpr detected 20 cores but "NUMEXPR_MAX_THREADS" not set, so enforcing safe limit of 8.
2024-07-04 21:54:13,076 NumExpr defaulting to 8 threads.
2024-07-04 21:54:14,261 Test:    Loss(0.504)
Driving area Segment: Acc(0.975)    IOU (0.864)    mIOU(0.917)
Lane line Segment: Acc(0.721)    IOU (0.262)  mIOU(0.622)
Detect: P(0.085)  R(0.894)  mAP@0.5(0.769)  mAP@0.5:0.95(0.444)
Time: inference(0.0684s/frame)  nms(0.0005s/frame)
